<?xml version="1.0" encoding="UTF-8"?>
<!-- Generated by org.testng.reporters.JUnitXMLReporter -->
<testsuite ignored="0" hostname="HIBAs-Air" failures="0" tests="3" name="Default test" time="4.758" errors="0" timestamp="2021-09-18T14:23:48 EEST">
  <testcase classname="tests.UsersTests" name="createUser" time="2.616"/>
  <testcase classname="tests.UsersTests" name="getNonExistingUserID" time="0.475"/>
  <testcase classname="tests.UsersTests" name="verifyUserDataWithID" time="0.684"/>
</testsuite> <!-- Default test -->
