<?xml version="1.0" encoding="UTF-8"?>
<testng-results ignored="0" total="3" passed="3" failed="0" skipped="0">
  <reporter-output>
  </reporter-output>
  <suite started-at="2021-09-18T14:23:44 EEST" name="Default suite" finished-at="2021-09-18T14:23:48 EEST" duration-ms="4758">
    <groups>
    </groups>
    <test started-at="2021-09-18T14:23:44 EEST" name="Default test" finished-at="2021-09-18T14:23:48 EEST" duration-ms="4758">
      <class name="tests.UsersTests">
        <test-method is-config="true" signature="setup()[pri:0, instance:tests.UsersTests@378542de]" started-at="2021-09-18T14:23:44 EEST" name="setup" finished-at="2021-09-18T14:23:45 EEST" duration-ms="904" status="PASS">
          <reporter-output>
          </reporter-output>
        </test-method> <!-- setup -->
        <test-method signature="createUser()[pri:0, instance:tests.UsersTests@378542de]" started-at="2021-09-18T14:23:45 EEST" name="createUser" finished-at="2021-09-18T14:23:47 EEST" duration-ms="2616" status="PASS">
          <reporter-output>
          </reporter-output>
        </test-method> <!-- createUser -->
        <test-method is-config="true" signature="setup()[pri:0, instance:tests.UsersTests@378542de]" started-at="2021-09-18T14:23:47 EEST" name="setup" finished-at="2021-09-18T14:23:47 EEST" duration-ms="2" status="PASS">
          <reporter-output>
          </reporter-output>
        </test-method> <!-- setup -->
        <test-method signature="getNonExistingUserID()[pri:0, instance:tests.UsersTests@378542de]" started-at="2021-09-18T14:23:47 EEST" name="getNonExistingUserID" finished-at="2021-09-18T14:23:48 EEST" duration-ms="475" status="PASS">
          <reporter-output>
          </reporter-output>
        </test-method> <!-- getNonExistingUserID -->
        <test-method is-config="true" signature="setup()[pri:0, instance:tests.UsersTests@378542de]" started-at="2021-09-18T14:23:48 EEST" name="setup" finished-at="2021-09-18T14:23:48 EEST" duration-ms="0" status="PASS">
          <reporter-output>
          </reporter-output>
        </test-method> <!-- setup -->
        <test-method signature="verifyUserDataWithID()[pri:0, instance:tests.UsersTests@378542de]" started-at="2021-09-18T14:23:48 EEST" name="verifyUserDataWithID" finished-at="2021-09-18T14:23:48 EEST" duration-ms="684" status="PASS">
          <reporter-output>
          </reporter-output>
        </test-method> <!-- verifyUserDataWithID -->
      </class> <!-- tests.UsersTests -->
    </test> <!-- Default test -->
  </suite> <!-- Default suite -->
</testng-results>
